<?xml version="1.0" encoding="UTF-8"?>
<testsuite xmlns:xsi="http://www.w3.org/2001/XMLSchema-instance" xsi:noNamespaceSchemaLocation="https://maven.apache.org/surefire/maven-surefire-plugin/xsd/surefire-test-report-3.0.xsd" version="3.0" name="mg.hello.GreetingTest" time="20.003" tests="4" errors="0" skipped="0" failures="0">
  <properties>
[...]
</properties>
  <testcase name="testFunqy" classname="mg.hello.GreetingTest" time="2.659">
    <system-out><![CDATA[2021-03-06 19:13:50,724 INFO  [io.quarkus] (main) Quarkus 1.11.3.Final on JVM started in 6.791s. Listening on: http://localhost:8081
2021-03-06 19:13:50,729 INFO  [io.quarkus] (main) Profile test activated. 
2021-03-06 19:13:50,729 INFO  [io.quarkus] (main) Installed features: [amazon-lambda, cdi, funqy-http, mutiny, resteasy, servlet, smallrye-context-propagation, vertx, vertx-web]
]]></system-out>
  </testcase>
  <testcase name="testJaxrs" classname="mg.hello.GreetingTest" time="0.119"/>
  <testcase name="testVertx" classname="mg.hello.GreetingTest" time="0.03"/>
  <testcase name="testServlet" classname="mg.hello.GreetingTest" time="0.033"/>
</testsuite>